d:\c++\opengl\debug\vc142.pdb
d:\c++\opengl\debug\vc142.idb
d:\c++\opengl\debug\glad.obj
d:\c++\opengl\debug\triangletime.obj
d:\c++\opengl\debug\triangle1.obj
d:\c++\opengl\debug\triangle.obj
d:\c++\opengl\debug\stb_image.obj
d:\c++\opengl\debug\shader.obj
d:\c++\opengl\debug\mytexture2.obj
d:\c++\opengl\debug\mytexture.obj
d:\c++\opengl\debug\main.obj
d:\c++\opengl\debug\opengl.exe
d:\c++\opengl\debug\opengl.ilk
d:\c++\opengl\debug\opengl.pdb
d:\c++\opengl\debug\opengl.res
d:\c++\opengl\debug\opengl.tlog\cl.command.1.tlog
d:\c++\opengl\debug\opengl.tlog\cl.read.1.tlog
d:\c++\opengl\debug\opengl.tlog\cl.write.1.tlog
d:\c++\opengl\debug\opengl.tlog\link.command.1.tlog
d:\c++\opengl\debug\opengl.tlog\link.read.1.tlog
d:\c++\opengl\debug\opengl.tlog\link.write.1.tlog
d:\c++\opengl\debug\opengl.tlog\rc.command.1.tlog
d:\c++\opengl\debug\opengl.tlog\rc.read.1.tlog
d:\c++\opengl\debug\opengl.tlog\rc.write.1.tlog
