d:\c++\opengl\x64\debug\main.obj
d:\c++\opengl\x64\debug\mycube.obj
d:\c++\opengl\x64\debug\myplane.obj
d:\c++\opengl\x64\debug\myshadervo.obj
d:\c++\opengl\x64\debug\mytexture.obj
d:\c++\opengl\x64\debug\mytexture2.obj
d:\c++\opengl\x64\debug\mytexture3.obj
d:\c++\opengl\x64\debug\mytrans.obj
d:\c++\opengl\x64\debug\shader.obj
d:\c++\opengl\x64\debug\stb_image.obj
d:\c++\opengl\x64\debug\texture.obj
d:\c++\opengl\x64\debug\triangle.obj
d:\c++\opengl\x64\debug\triangle1.obj
d:\c++\opengl\x64\debug\utils.obj
d:\c++\opengl\x64\debug\vc142.idb
d:\c++\opengl\x64\debug\vc142.pdb
d:\c++\opengl\x64\debug\main.sbr
d:\c++\opengl\x64\debug\mycube.sbr
d:\c++\opengl\x64\debug\myplane.sbr
d:\c++\opengl\x64\debug\myshadervo.sbr
d:\c++\opengl\x64\debug\mytexture.sbr
d:\c++\opengl\x64\debug\mytexture2.sbr
d:\c++\opengl\x64\debug\mytexture3.sbr
d:\c++\opengl\x64\debug\mytrans.sbr
d:\c++\opengl\x64\debug\myword.sbr
d:\c++\opengl\x64\debug\shader.sbr
d:\c++\opengl\x64\debug\stb_image.sbr
d:\c++\opengl\x64\debug\texture.sbr
d:\c++\opengl\x64\debug\triangle.sbr
d:\c++\opengl\x64\debug\triangle1.sbr
d:\c++\opengl\x64\debug\utils.sbr
d:\c++\opengl\x64\debug\opengl.tlog\cl.command.1.tlog
